1528152652683	geckodriver	INFO	geckodriver 0.20.1
1528152652690	geckodriver	INFO	Listening on 127.0.0.1:53787
1528152654693	mozrunner::runner	INFO	Running command: "C:\\Program Files\\Mozilla Firefox\\firefox.exe" "-marionette" "-profile" "C:\\Users\\ANDREW~1\\AppData\\Local\\Temp\\rust_mozprofile.JFHDLOZjybYu"
Unable to read VR Path Registry from C:\Users\Andrew Yan\AppData\Local\openvr\openvrpaths.vrpath
Unable to read VR Path Registry from C:\Users\Andrew Yan\AppData\Local\openvr\openvrpaths.vrpath
Unable to read VR Path Registry from C:\Users\Andrew Yan\AppData\Local\openvr\openvrpaths.vrpath
Unable to read VR Path Registry from C:\Users\Andrew Yan\AppData\Local\openvr\openvrpaths.vrpath
Unable to read VR Path Registry from C:\Users\Andrew Yan\AppData\Local\openvr\openvrpaths.vrpath
1528152655985	Marionette	INFO	Listening on port 53793
1528152656204	Marionette	WARN	TLS certificate errors will be ignored for this session
[Parent 60560, Gecko_IOThread] WARNING: pipe error: 109: file z:/build/build/src/ipc/chromium/src/chrome/common/ipc_channel_win.cc, line 346
[Parent 60560, Gecko_IOThread] WARNING: pipe error: 109: file z:/build/build/src/ipc/chromium/src/chrome/common/ipc_channel_win.cc, line 346
[Child 17348, Chrome_ChildThread] WARNING: pipe error: 109: file z:/build/build/src/ipc/chromium/src/chrome/common/ipc_channel_win.cc, line 346
[Child 17348, Chrome_ChildThread] WARNING: pipe error: 109: file z:/build/build/src/ipc/chromium/src/chrome/common/ipc_channel_win.cc, line 346
[Child 45608, Chrome_ChildThread] WARNING: pipe error: 109: file z:/build/build/src/ipc/chromium/src/chrome/common/ipc_channel_win.cc, line 346
[Child 45608, Chrome_ChildThread] WARNING: pipe error: 109: file z:/build/build/sr[Parent 60560, Gecko_IOThread] WARNING: pipe error: 109: file z:/build/build/src/ipc/chromium/src/chrome/common/ipc_channel_win.cc, line 346

###!!! [Child][MessageChannel::SendAndWait] Error: Channel error: cannot send/recv

applyForm.js, line 2: NS_ERROR_FAILURE: 
[Parent 48488, Gecko_IOThread] WARNING: pipe error: 109: file z:/build/build/src/ipc/chromium/src/chrome/common/ipc_channel_win.cc, line 346
[Parent 48488, Gecko_IOThread] WARNING: pipe error: 109: file z:/build/build/src/ipc/chromium/src/chrome/common/ipc_channel_win.cc, line 346
[Parent 48488, Gecko_IOThread] WARNING: pipe error: 109: file z:/build/build/src/ipc/chromium/src/chrome/common/ipc_channel_win.cc, line 346

###!!! [Child][MessageChannel::SendAndWait] Error: Channel error: cannot send/recv

e to read VR Path Registry from C:\Users\Andrew Yan\AppData\Local\openvr\openvrpaths.vrpath
Unable to read VR Path Registry from C:\Users\Andrew Yan\AppData\Local\openvr\openvrpaths.vrpath
Unable to read VR Path Registry from C:\Users\Andrew Yan\AppData\Local\openvr\openvrpaths.vrpath
1528160775332	Marionette	INFO	Listening on port 56565
1528160775710	Marionette	WARN	TLS certificate errors will be ignored for this session
[Parent 40516, Gecko_IOThread] WARNING: pipe error: 109: file z:/build/build/src/ipc/chromium/src/chrome/common/ipc_channel_win.cc, line 346
[Parent 40516, Gecko_IOThread] WARNING: pipe error: 109: file z:/build/build/src/ipc/chromium/src/chrome/common/ipc_channel_win.cc, line 346
[Child 21932, Chrome_ChildThread] WARNING: pipe error: 109: file z:/build/build/src/ipc/chromium/src/chrome/common/ipc_chan[Chilnel_wid 19n.cc048, Chrome_ChildThread] WARNING: pipe er, linror: 109: file 346
e z:/build/build/src/ipc/chromium/src/chrome/common/ipc_channel_win.cc, line 346
[Child 19048, Chrom[Parent 40516, Gecko_IOThread] WARNING: pipe error: 109: file z:/build/build/src/ipc/chromium/src/chrome/common/ipc_channel_win.cc, line 346
[Child 31256, Chrome_ChildThread] WARNING: pipe error: 109: file z:/build/build/src/ipc/chromium/src/chrome/common/ipc_channel_win.cc, line 346
[Child 31256, Chrome[Parent 40516, Gecko_IOThread] WARNING: file z:/build/build/src/ipc/chromium/src/base/process_util_win.cc, line 188
*** UTM:SVC TimerManager:registerTimer called after profile-before-change notification. Ignoring timer registration for id: telemetry_modules_ping
[GPU 26204, Chrome_
###!!! [Child][MessageChannel::SendAndWait] Error: Channel error: cannot send/recv

1528160811848	geckodriver	INFO	geckodriver 0.20.1
1528160811856	geckodriver	INFO	Listening on 127.0.0.1:56653
1528160813866	mozrunner::runner	INFO	Running command: "C:\\Program Files\\Mozilla Firefox\\firefox.exe" "-marionette" "-profile" "C:\\Users\\ANDREW~1\\AppData\\Local\\Temp\\rust_mozprofile.JO9O44fnT0Gk"
Unable to read VR Path Registry from C:\Users\Andrew Yan\AppData\Local\openvr\openvrpaths.vrpath
Unable to read VR Path Registry from C:\Users\Andrew Yan\AppData\Local\openvr\openvrpaths.vrpath
Unable to read VR Path Registry from C:\Users\Andrew Yan\AppData\Local\openvr\openvrpaths.vrpath
Unable to read VR Path Registry from C:\Users\Andrew Yan\AppData\Local\openvr\openvrpaths.vrpath
Unable to read VR Path Registry from C:\Users\Andrew Yan\AppData\Local\openvr\openvrpaths.vrpath
1528160814999	Marionette	INFO	Listening on port 56661
1528160815375	Marionette	WARN	TLS certificate errors will be ignored for this session
[Parent 39412, Gecko_IOThread] WARNING: pipe error: 109: file z:/build/build/src/ipc/chromium/src/chrome/common/ipc_channel_win.cc, line 346
[Child 7180, Chrome_ChildThread] WARNING: pipe error: 109: file z:/build/build/src/ipc/chromium/src/chrome/common/ipc_channel_win.cc, line 346
[Parent 39412, Gecko_IOThread] WARNING: pipe error: 109: file z:/build/build/src/ipc/chromium/src/chrome/common/ipc_channel_win.cc, line 346
[Child 29996, Chrome_ChildThread] WARNING: pipe error: 109: file z:/build/build/src/ipc/chromium/src/chrome/common/ipc_channel_win.cc, line 346
[Child 29996, Chrome_ChildThread] W[GPU 44080, C
###!!! [Child][MessageChannel::SendAndWait] Error: Channel error: cannot send/recv

le to read VR Path Registry from C:\Users\Andrew Yan\AppData\Local\openvr\openvrpaths.vrpath
1528160931261	Marionette	INFO	Listening on port 56854
1528160931453	Marionette	WARN	TLS certificate errors will be ignored for this session
[Parent 26712, Gecko_IOThread] WARNING: pipe error: 109: file z:/build/build/src/ipc/chromium/src/chrome/common/ipc_channel_win.cc, line 346
[Parent 26712, Gecko_IOThread] WARNING: pipe error: 109: file z:/build/build/src/ipc/chromium/src/chrome/common/ipc_channel_win.cc, line 346
[Child 50468, Chrome_ChildThread] WARNING: pipe error: 109: file z:/build/build/src/ipc/chromium/src/chrome/common/ipc_channel_win.cc, line 346
JavaScript error: resource:///modules/WindowsJumpLists.jsm, line 246: TypeError: this._builder is undefined
[Parent 26712, Gecko_IOThread] WARNING: pipe error: 109: file z:/build/build/src/ipc/chromium/src/chrome/common/ipc_channel_win.cc, line 346
[Child 45192, Chrome_ChildThread] WARNING: pipe error: 109: file z:/build/build/src/ipc/chromium/src/chrome/common/ipc_channel_win.cc, line 346

###!!! [Child][MessageChannel::SendAndWait] Error: Channel error: cannot send/recv

ll be ignored for this session
[Parent 49016, Gecko_IOThread] WARNING: pipe error: 109: file z:/build/build/src/ipc/chromium/src/chrome/common/ipc_channel_win.cc, line 346
[Parent 49016, Gecko_IOThread] WARNING: pipe error: 109: file z:/build/build/src/ipc/chromium/src/chrome/common/ipc_channel_win.cc, line 346
[Child 12720, Chrome_ChildThread] WARNING: pipe error: 109: file z:/build/build/src/ipc/chromium/src/chrome/common/ipc_channel_win.cc, line 346
[Child 12720, Chrome_ChildThread] WARNING: pipe error[Child 2340, Chrome_ChildThread] WARNING: pipe error: 109: file z:/build/build/src/ipc/chromium/src/chrome/common/ipc_channel_win.cc, line 346
[Child 2340, Chrome_ChildThread] WARNING: pipe error: 109: file z:/build/build/src/ipc/chromium/src/chrome/common/ipc_channel_win.cc, line 346
JavaScript error: resource:///modules/WindowsJumpLists.jsm, line 246: TypeError: this._builder is undefined
[Parent 49016, Gecko_IOThread] WARNING: pipe error: 109: file z:/build/build/src/ipc/chromium/src/chrome/common/ipc_channel_win.cc, line 346

###!!! [Child][MessageChannel::SendAndWait] Error: Channel error: cannot send/recv

OThread] WARNING: pipe error: 109: file z:/build/build/src/ipc/chromium/src/chrome/common/ipc_channel_win.cc, line 346
[Child 15504, Chrome_ChildThread] WARNING: pipe error: 109: file z:/build/build/src/ipc/chromium/src/chrome/common/ipc_channel_win.cc, line 346
[Child 40968, Chrome_ChildThread] WARNING: pipe error: 109: file z:/build/build/src/ipc/chromium/src/chrome/common/ipc_channel_win.cc, line 346
[Child 40968, Chrome_ChildThread] WARNING: pipe error: 109: file z:/build/build/src/ipc/chromium/src/chrome/common/ipc_channel_win.cc, line 346
[Parent 57332, Gecko_IOThread] WARNING: pipe error: 109: file z:/build/build/src/ipc/chromium/src/chrome/common/ipc_channel_win.cc, line 346
[Child 35620, Chrome_ChildThread] WARNING: pipe error: 109: file z:/build/build/src/ipc/chromium/src/chrome/common/ipc_channel_win.cc, line 346
[Child 35620, Chrome_ChildThrea[GPU 47128, Chrome_ChildThread] WARNING: pipe error: 109: file
###!!! [Child][MessageChannel::SendAndWait] Error: Channel error: cannot send/recv

rome/common/ipc_channel_win.cc, line 346
[Child 10328, Chrome_ChildThread] WARNING: pipe error: 109: file z:/build/build/src/ipc/chromium/src/chrome/common/ipc_channel_win.cc, line 346
[Child 61484, Chrome_ChildThread] WARNING: pipe error: 109: file z:/build/build/src/ipc/chromium/src/chrome/common/ipc_channel_win.cc, line 346
[Child 61484, Chrome_ChildThread] WARNING: pipe error: 109: file z:/build/build/src/ipc/chromium/src/chrome/common/ipc_channel_win.cc, line 346
JavaScript error: resource:///modules/WindowsJumpLists.jsm, line 246: TypeError: this._builder is undefined
[Parent 40356, Gecko_IOThread] WARNING: pipe error: 109: file z:/build/build/src/ipc/chromium/src/chrome/common/ipc_channel_win.cc, line 346
[Child 33472, Chrome_ChildThread] WARNING: pipe error: 109: file z:/build/build/src/ipc/chromium/src/chrome/common/ipc_channel_win.cc, line 346
[Child 33472, Chrome_Chil[GPU 2767
###!!! [Child][MessageChannel::SendAndWait] Error: Channel error: cannot send/recv

d 15932, Chrome_ChildThread] WARNING: pipe error: 109: file z:/build/build/src/ipc/chromium/src/chrome/common/ipc_channel_win.cc, line 346
[Parent 46908, Gecko_IOThread] WARNING: pipe error: 109: file z:/build/build/src/ipc/chromium/src/chrome/common/ipc_channel_win.cc, line 346
[Child 49368, Chrome_ChildThread] WARNING: pipe error: 109: file z:/build/build/src/ipc/chromium/src/chrome/common/ipc_channel_win.cc, line 346
[Child 49368, Chrome_ChildThread] WARNING: pipe error: 109: file z:/build/build/src/
###!!! [Child][MessageChannel::SendAndWait] Error: Channel error: cannot send/recv

s\Andrew Yan\AppData\Local\openvr\openvrpaths.vrpath
[Parent 39780, Gecko_IOThread] WARNING: pipe error: 109: file z:/build/build/src/ipc/chromium/src/chrome/common/ipc_channel_win.cc, line 346
[Parent 39780, Gecko_IOThread] WARNING: pipe error: 109: file z:/build/build/src/ipc/chromium/src/chrome/common/ipc_channel_win.cc, line 346
[Child 20892, Chrome_ChildThread] WARNING: pipe error: 109: file z:/build/build/src/ipc/chromium/src/chrome/common/ipc_channel_win.cc, line 346
[Child 9124, Chrome_ChildThread] WARNING: pipe error: 109: file z:/build/build/src/ipc/chromium/src/chrome/common/ipc_channel_win.cc, line 346
[Child 9124, Chrome_ChildThread] WARNING: pipe error: 109: file z:/build/build/src/ipc/chromium/src/chrome/common/ipc_channel_win.cc, line 346
[Parent 39780, Gecko_IOThread] WARNING: pipe error: 109: file z:/build/build/src/ipc/chromium/src/chrome/common/ipc_channel_win.cc, line 346
[Child 59196, Chrome_ChildThread] WARNING: pipe error: 109: file z:/build/build/src/ipc/chromium/src/chrome/common/ipc_channel_win.cc, line 346

###!!! [Child][MessageChannel::SendAndWait] Error: Channel error: cannot send/recv

t 2504, Gecko_IOThread] WARNING: pipe error: 109: file z:/build/build/src/ipc/chromium/src/chrome/common/ipc_channel_win.cc, line 346

###!!! [Child][RunMessage] Error: Channel closing: too late to send/recv, messages will be lost

[Child 36568, Chrome_ChildThread] WARNING: pipe error: 109: file z:/build/build/src/ipc/chromium/src/chrome/common/ipc_channel_win.cc, line 346
[Child 36568, Chrome_ChildThread] WARNING: pi[Parent 2504, Gecko_IOThread] WARNING: pipe error: 109: file z:/build/build/src/ipc/chromium/src/chrome/common/ipc_channel_win.cc, line 346
[GPU 39244, Chrom
###!!! [Child][MessageChannel::SendAndWait] Error: Channel error: cannot send/recv

e ignored for this session
Unable to read VR Path Registry from C:\Users\Andrew Yan\AppData\Local\openvr\openvrpaths.vrpath
[Parent 35500, Gecko_IOThread] WARNING: pipe error: 109: file z:/build/build/src/ipc/chromium/src/chrome/common/ipc_channel_win.cc, line 346
[Parent 35500, Gecko_IOThread] WARNING: pipe error: 109: file z:/build/build/src/ipc/chromium/src/chrome/common/ipc_channel_win.cc, line 346
[Child 17972, Chrome_ChildThread] WARNING: pipe error: 109: file z:/build/build/src/ipc/chromium/src/chrome/common/ipc_channel_win.cc, line 346
[Child 62940, Chrome_ChildThread] WARNING: pipe error: 109: file z:/build/build/src/ipc/chromium/src/chrome/common/ipc_channel_win.cc, line 346
[Child 62940, Chrome_ChildThread] WARNING: pipe error: 109: file z:/build/build/src/ipc/chromium/src/chrome/common/ipc_ch[Parent 35500, Gecko_IOThread] WARNING: pipe error: 109: file z:/build/build/src/ipc/chromium/src/chrome/common/ipc_channel_win.cc, line 346
[Child 44988, Chrome_ChildThread] WARNING: pipe error: 109: file z:/build/build/src/ipc/chromium/src/chrome/common/ipc_channel_win.cc, line 346
[Child 44988
###!!! [Child][MessageChannel::SendAndWait] Error: Channel error: cannot send/recv

46
[Parent 7536, Gecko_IOThread] WARNING: pipe error: 109: file z:/build/build/src/ipc/chromium/src/chrome/common/ipc_channel_win.cc, line 346
[Child 57036, Chrome_ChildThread] WARNING: pipe error: 109: file z:/build/build/src/ipc/chromium/src/chrome/common/ipc_channel_win.cc, line 346
[Child 57036, Chrome_ChildThread] WARNING: pipe error: 109: file z:/build/build/src/ipc/chromium/src/chrome/common/ipc_channel_win.cc, line 346
[Child 64128, Chrome_ChildThread] WARNING: pipe error: 109: file z:/build/build/src/ipc/chromium/src/chrome/common/ipc_channel_win.cc, line 346
[Child 64128, Chrome_ChildThread] WARNING: pipe error: 109: file z:/build/build/src/ipc/chromium/src/chrome/common/ipc_channel_win.cc, line 346
[Child 51496, Chrome_ChildThread] WARNING: pipe error: 109: file z:/build/build/src/ipc/chromium/src/chrome/common/ipc_channel_win.cc, line 346

###!!! [Child][MessageChannel::SendAndWait] Error: Channel error: cannot send/recv

64, Chrome_ChildThread] WARNING: pipe error: 109: file z:/build/build/src/ipc/chromium/src/chrome/common/ipc_channel_win.cc, line 346
[Parent 236, Gecko_IOThread] WARNING: pipe error: 109: file z:/build/build/src/ipc/chromium/src/chrome/common/ipc_channel_win.cc, line 346
[Child 36456, Chrome_ChildThread] WARNING: pipe error: 109: file z:/build/build/src/ipc/chromium/src/chrome/common/ipc_channel_win.cc, line 346

###!!! [Child][MessageChannel] Error: (msgtype=0x48000E,name=PHttpChannel::Msg_DeletingChannel) Channel closing: too late to send/recv, messages will be lost


###!!! [Child][MessageChannel] Error: (msgtype=0x48000E,name=PHttpChannel::Msg_DeletingChannel) Channel closing: too late to send/recv, messages will be lost

[Parent 236, Gecko_IOThread] WARNING: pipe error: 109: file z:/build/build/src/ipc/chromium/src/chrome/common/ipc_channel_win.cc, line 346
[Child 46436, Chrome_ChildThread] WARNING: pipe error: 109: file z:/build/build/src/ipc/chromium/src/chrome/common/ipc_channel_win.cc, line 346
[Child 46436, Chrome_ChildThread] WARNING: pipe error: 109: file z:/build/build/src/ipc/chromium/src/chrome/common/ipc_channel_win.cc, line 346
*** UTM:SVC TimerManager:registerTimer called after profile-before-change notification. Ignoring timer registration for id: telemetry_modules_ping

###!!! [Child][MessageChannel::SendAndWait] Error: Channel error: cannot send/recv

1528161913967	geckodriver	INFO	geckodriver 0.20.1
1528161913976	geckodriver	INFO	Listening on 127.0.0.1:58701
1528161915973	mozrunner::runner	INFO	Running command: "C:\\Program Files\\Mozilla Firefox\\firefox.exe" "-marionette" "-profile" "C:\\Users\\ANDREW~1\\AppData\\Local\\Temp\\rust_mozprofile.BuHtp3RFykab"
Unable to read VR Path Registry from C:\Users\Andrew Yan\AppData\Local\openvr\openvrpaths.vrpath
Unable to read VR Path Registry from C:\Users\Andrew Yan\AppData\Local\openvr\openvrpaths.vrpath
Unable to read VR Path Registry from C:\Users\Andrew Yan\AppData\Local\openvr\openvrpaths.vrpath
Unable to read VR Path Registry from C:\Users\Andrew Yan\AppData\Local\openvr\openvrpaths.vrpath
Unable to read VR Path Registry from C:\Users\Andrew Yan\AppData\Local\openvr\openvrpaths.vrpath
1528161917232	Marionette	INFO	Listening on port 58709
1528161917481	Marionette	WARN	TLS certificate errors will be ignored for this session
[Child 30008, Chrome_ChildThread] WARNING: pipe error: 109: file z:/build/build/src/ipc/chromium/src/chrome/common/ipc_channel_win.cc, line 346
[Child 30008, Chrome_ChildThread] WARNING: pipe error: 109: file z:/build[Child 38084, Chrome_ChildThread] WARNING: pipe error: 109: file z:/build/build/src/ipc/chromium/src/chrome/common/ipc_channel_win.cc, line 346
[Child 38084, C[Parent 5704, Gecko_IOThread] WARNING: pipe error: 109: file z:/build/build/src/ipc/chromium/src/chrome/common/ipc_channel_win.cc, line 346
[Child 18872, Chrome_ChildThread] WARNING: pipe error: 109: file z:/build/build/src/ipc/chromium/src/chrome/common/ipc_channel_win.cc, line 346
[Child 18872, Chrom
###!!! [Child][MessageChannel::SendAndWait] Error: Channel error: cannot send/recv

ocal\openvr\openvrpaths.vrpath
1528161920818	Marionette	INFO	Listening on port 58741
1528161921090	Marionette	WARN	TLS certificate errors will be ignored for this session
JavaScript error: https://apply.indeed.com/indeedapply/s/c0005bddb0545098aec5/scripts/applyForm.js, line 2: NS_ERROR_FAILURE: 
[Parent 17464, Gecko_IOThread] WARNING: pipe error: 109: file z:/build/build/src/ipc/chromium/src/chrome/common/ipc_channel_win.cc, line 346
[Parent 17464, Gecko_IOThread] WARNING: pipe error: 109: file z:/build/build/src/ipc/chromium/src/chrome/common/ipc_channel_win.cc, line 346
[Child 20916, Chrome_ChildThread] WARNING: pipe error: 109: file z:/build/build/src/ipc/chromium/src/chrome/common/ipc_channel_win.cc, line 346
[Child 20916,[Child 27028, Chrome_ChildThread] WARNING: pipe error: 109: file z:/build/build/src/ipc/chromium/src/chrome/common/ipc_channel_win.cc, line 346
[Child 27028, Chrome_ChildThread] WARNING: pipe error: 109: file z:/build/build/src/ipc/chromium/src/chrome/common/ipc_channel_win.cc, line 346

###!!! [Child][MessageChannel::SendAndWait] Error: Channel error: cannot send/recv

ionette	INFO	Listening on port 59034
1528162363205	Marionette	WARN	TLS certificate errors will be ignored for this session
[Child 16092, Chrome_ChildThread] WARNING: pipe error: 109: file z:/build/build/src/ipc/chromium/src/chrome/common/ipc_channel_win.cc, line 346
[Child 16092, Chrome_ChildThread] WAR[Child 12440, Chrome_ChildThread] WARNING: pipe error: 109: file z:/build/build/src/ipc/chromium/src/chrome/common/ipc_channel_win.cc, line 346
[Child 12440, Chrom[Parent 38020, Gecko_IOThread] WARNING: pipe error: 109: file z:/build/build/src/ipc/chromium/src/chrome/common/ipc_channel_win.cc, line 346
*** UTM:SVC TimerManager:registerTimer called after profile-before-change notification. Ignoring timer registration for id: telemetry_modules_ping
[GPU 52888, Chrome_ChildThrea
###!!! [Child][MessageChannel::SendAndWait] Error: Channel error: cannot send/recv

1528162955865	geckodriver	INFO	geckodriver 0.20.1
1528162955872	geckodriver	INFO	Listening on 127.0.0.1:59164
1528162957879	mozrunner::runner	INFO	Running command: "C:\\Program Files\\Mozilla Firefox\\firefox.exe" "-marionette" "-profile" "C:\\Users\\ANDREW~1\\AppData\\Local\\Temp\\rust_mozprofile.XIudKlRqVIFn"
Unable to read VR Path Registry from C:\Users\Andrew Yan\AppData\Local\openvr\openvrpaths.vrpath
Unable to read VR Path Registry from C:\Users\Andrew Yan\AppData\Local\openvr\openvrpaths.vrpath
Unable to read VR Path Registry from C:\Users\Andrew Yan\AppData\Local\openvr\openvrpaths.vrpath
Unable to read VR Path Registry from C:\Users\Andrew Yan\AppData\Local\openvr\openvrpaths.vrpath
Unable to read VR Path Registry from C:\Users\Andrew Yan\AppData\Local\openvr\openvrpaths.vrpath
1528162959002	Marionette	INFO	Listening on port 59170
1528162959393	Marionette	WARN	TLS certificate errors will be ignored for this session
[Parent 26396, Gecko_IOThread] WARNING: pipe error: 109: file z:/build/build/src/ipc/chromium/src/chrome/common/ipc_channel_win.cc, line 346
[Parent 26396, Gecko_IOThread] WARNING: pipe error: 109: file z:/build/build/src/ipc/chromium/src/chrome/common/ipc_channel_win.cc, line 346
[Child 55640, Chrome_ChildThread] WARNING: pipe error: 109: file z:/build/build/src/ipc/chromium/src/chrome/common/ipc_channel_win.cc, line 346
[Child 55640, Chrome_ChildThread] WAR[Child 43588, Chrome_ChildThread] WARNING: pipe error: 109: file z:/build/build/src/ipc/chromium/src/chrome/common/ipc_channel_win.cc, line 346
[Child 43588, Chrome_ChildThr[Parent 26396, Gecko_IOThread] WARNING: pipe error: 109: file z:/build/build/src/ipc/chromium/src/chrome/common/ipc_channel_win.cc, line 346
[Child 47624, Chrome_ChildThread] WARNING: pipe error: 109: file z:/build/build/src/ipc/chromium/src/chrome/common/ipc_channel_win.cc, line 346
[Child 47624, Chro[GPU 49212, Ch
###!!! [Child][MessageChannel::SendAndWait] Error: Channel error: cannot send/recv

ne 2: NS_ERROR_FAILURE: 
[Parent 61876, Gecko_IOThread] WARNING: pipe error: 109: file z:/build/build/src/ipc/chromium/src/chrome/common/ipc_channel_win.cc, line 346
[Child 30420, Chrome_ChildThread] WARNING: pipe error: 109: file z:/build/build/src/ipc/chromium/src/chrome/common/ipc_channel_win.cc, line 346
[Child 30420, Chrome_ChildThread[Parent 61876, Gecko_IOThread] WARNING: pipe error: 109: file z:/build/build/src/ipc/chromium/src/chrome/common/ipc_channel_win.cc, line 346
[Child 44348, Chrome_ChildThread] WARNING: pipe error: 109: file z:/build/build/src/ipc/chromium/src/chrome/common/ipc_channel_win.cc, line 346
[Parent 61876, Gecko_IOThread] WARNING: pipe error: 109: file z:/build/build/src/ipc/chromium/src/chrome/common/ipc_channel_win.cc, line 346
[Child 49304, Chrome_ChildThread] WARNING: pipe error: 109: file z:/build/build/src/ipc/chromium/src/chrome/common/ipc_channel_win.cc, line 346
[Child 49304, Chrome_Ch
###!!! [Child][MessageChannel::SendAndWait] Error: Channel error: cannot send/recv

le z:/build/build/src/ipc/chromium/src/chrome/common/ipc_channel_win.cc, line 346
[Child 62816, Chrome_ChildThread] WARNING: pipe error: 109: file z:/build/build/src/ipc/chromium/src/chrome/common/ipc_channel_win.cc, line 346
[Child 62816, Chrome_ChildThread] WUnable to read VR Path Registry from C:\Users\Andrew Yan\AppData\Local\openvr\openvrpaths.vrpath
[Parent 15368, Gecko_IOThread] WARNING: pipe error: 109: file z:/build/build/src/ipc/chromium/src/chrome/common/ipc_channel_win.cc, line 346
[Parent 15368, Gecko_IOThread] WARNING: pipe error: 109: file z:/build/build/src/ipc/chromium/src/chrome/common/ipc_channel_win.cc, line 346
[Child 30024, Chrome_ChildThread] WARNING: pipe error: 109: file z:/build/build/src/ipc/chromium/src/chrome/common/ipc_channel_win.cc, line 346
[C[Child 57976, Chrome_ChildThread] WARNING: pipe error: 109: file z:/build/build/src/ipc/chromium/src/chrome/common/ipc_channel_win.cc, line 346
[Child 57976, Chrome_ChildThread] WARNING: pip[Parent 15368, Gecko_IOThread] WARNING: pipe error: 109: file z:/build/build/src/ipc/chromium/src/chrome/common/ipc_channel_win.cc, line 346
[Child 27392, Chrome_ChildThread] WARNING: pipe error: 109: file z:/build/build/src/ipc/chromium/src/chrome/common/ipc_channel_win.cc, line 346
[Child 27392, Chrome_ChildThread] WARNING: pipe error: 109: file z:/build/build/src/ipc/chromium/src/chrome/common/ipc_channel_win.cc, line 346
[GPU 51000, Chrome_ChildThread] WARNING: pipe error: 109: file z:/build/build/src/ipc/chromium/src/chrome/common/ipc_channel_win.cc, line 346

###!!! [Child][MessageChannel::SendAndWait] Error: Channel error: cannot send/recv

09: file z:/build/build/src/ipc/chromium/src/chrome/common/ipc_channel_win.cc, line 346
[Child 64496, Chrome_ChildThread] WARNING: pipe error: 109: file z:/build/build/src/ipc/chromium/src/chrome/common[Parent 10236, Gecko_IOThread] WARNING: pipe error: 109: file z:/build/build/src/ipc/chromium/src/chrome/common/ipc_channel_win.cc, line 346
[Child 49912, Chrome_ChildThread] WARNING: pipe error: 109: file z:/build/build/src/ipc/chromium/src/chrome/common/ipc_channel_win.cc, line 346
[Child 499[GPU 31460, Chrome_ChildThread] WARNING: pipe error: 109: file z:/build/build/src/ipc/chromium/src/chrome/common/ipc_channel_win.cc, line 346

###!!! [Child][MessageChannel::SendAndWait] Error: Channel error: cannot send/recv

n.cc, line 346
[Parent 38296, Gecko_IOThread] WARNING: pipe error: 109: file z:/build/build/src/ipc/chromium/src/chrome/common/ipc_channel_win.cc, line 346
[Child 49744, Chrome_ChildThread] WARNING: pipe err
###!!! [Child][RunMessage] Error: Channel closing: too late to send/recv, messages will be lost

or: 109: file z:/build/build/src/ipc/chromium/src/chrome/common/ipc_channel_win.cc, line 346
[Child 2500, Chrome_ChildThread] WARNING: pipe error: 109: file z:/build/build/src/ipc/chromium/src/chrome/common/ip[Child 49744, Chrome_ChildThread] WARNING: pipe error: 109: file z:/build/build/src/ipc/chromium/src/chrome/coc_channel_win.cc, line 346
[Child 25[Parent 38296, Gecko_IOThread] WARNING: pipe error: 109: file z:/build/build/src/ipc/chromium/src/chrome/common/ipc_channel_win.cc, line 346
[GPU 16540, Chrome_ChildThread] WARNING: pipe error: 109: file z:/build/build/src/ipc/chromium/src/chrome/common/ipc_channel_win.cc, line 346

###!!! [Child][MessageChannel::SendAndWait] Error: Channel error: cannot send/recv

1528170231353	geckodriver	INFO	geckodriver 0.20.1
1528170231360	geckodriver	INFO	Listening on 127.0.0.1:50408
1528170233351	mozrunner::runner	INFO	Running command: "C:\\Program Files\\Mozilla Firefox\\firefox.exe" "-marionette" "-profile" "C:\\Users\\ANDREW~1\\AppData\\Local\\Temp\\rust_mozprofile.IbAwWMAQnmYP"
Unable to read VR Path Registry from C:\Users\Andrew Yan\AppData\Local\openvr\openvrpaths.vrpath
Unable to read VR Path Registry from C:\Users\Andrew Yan\AppData\Local\openvr\openvrpaths.vrpath
Unable to read VR Path Registry from C:\Users\Andrew Yan\AppData\Local\openvr\openvrpaths.vrpath
Unable to read VR Path Registry from C:\Users\Andrew Yan\AppData\Local\openvr\openvrpaths.vrpath
Unable to read VR Path Registry from C:\Users\Andrew Yan\AppData\Local\openvr\openvrpaths.vrpath
1528170234841	Marionette	INFO	Listening on port 50415
1528170234884	Marionette	WARN	TLS certificate errors will be ignored for this session
[Child 1996, Chrome_ChildThread] WARNING: pipe error: 109: file z:/build/build/src/ipc/chromium/src/chrome/common/ipc_channel_win.cc, line 346
[Child 1996, Chrome_ChildThread[Child 52548, Chrome_ChildThread] WARNING: pipe error: 109: file z:/build/build/src/ipc/chromium/src/chrome/common/ipc_channel_win.cc, line 346
[Parent 33680, Gecko_IOThread] WARNING: pipe error: 109: file z:/build/build/src/ipc/chromium/src/chrome/common/ipc_channel_win.cc, line 346
[Child 18424, Chrome_ChildThread] WARNING: pipe error: 109: file z:/build/build/src/ipc/chromium/src/chrome/common/ipc_channel_win.cc, line 346
[Child 18424, Chrom[GPU 30508, Chrome_ChildThread] W
###!!! [Child][MessageChannel::SendAndWait] Error: Channel error: cannot send/recv

ers\Andrew Yan\AppData\Local\openvr\openvrpaths.vrpath
1528170290691	Marionette	INFO	Listening on port 50470
1528170290858	Marionette	WARN	TLS certificate errors will be ignored for this session
[Parent 44008, Gecko_IOThread] WARNING: pipe error: 109: file z:/build/build/src/ipc/chromium/src/chrome/common/ipc_channel_win.cc, line 346
[Parent 44008, Gecko_IOThread] WARNING: pipe error: 109: file z:/build/build/src/ipc/chromium/src/chrome/common/ipc_channel_win.cc, line 346
[Child 17696, Chrome_ChildThread] WARNING: pipe error: 232: file z:/build/build/src/ipc/chromium/src/chrome/common/ipc_channel_win.cc, line 513[
Child 9808, Chrome_ChildThread] WARNING: pipe error: 109: file z:/build/build/src[Chi/ipld c/chro17mium/sr696,c/chrome Chr/commonome_/ipc_chaChinnelldThread] WARNING_win.cc, line 346
: pipe error[Child 9808: 109: file z:/build/build/src/ipc/chromium/src/chrome/common/ipc_channel_win.cc, line 346
[Parent 44008, Gecko_IOThread] WARNING: pipe error: 109: file z:/build/build/src/ipc/chromium/src/chrome/common/ipc_channel_win.cc, line 346
[Child 52392, Chrome_ChildThread] WARNING: pipe error: 109: file z:/build/build/src/ipc/chromium/src/chrome/common/ipc_channel_win.cc, line 346
[Child 52392, Chrome_ChildTh[GPU 59804,
###!!! [Child][MessageChannel::SendAndWait] Error: Channel error: cannot send/recv

